android/app/build/intermediates/manifest_merge_blame_file/release/processReleaseMainManifest/manifest-merger-blame-release-report.txt
1<?xml version="1.0" encoding="utf-8"?>
2<manifest xmlns:android="http://schemas.android.com/apk/res/android"
3    package="com.cvr.app"
4    android:versionCode="28"
5    android:versionName="1.0.25" >
6
7    <uses-sdk
8        android:minSdkVersion="24"
9        android:targetSdkVersion="36" />
10
11    <uses-permission android:name="android.permission.INTERNET" />
11-->src\main\AndroidManifest.xml:6:5-67
11-->src\main\AndroidManifest.xml:6:22-64
12    <uses-permission android:name="android.permission.ACCESS_NETWORK_STATE" />
12-->src\main\AndroidManifest.xml:7:5-79
12-->src\main\AndroidManifest.xml:7:22-76
13    <uses-permission android:name="android.permission.CAMERA" />
13-->src\main\AndroidManifest.xml:8:5-65
13-->src\main\AndroidManifest.xml:8:22-62
14
15    <queries>
15-->[:capacitor-camera] AndroidManifest.xml:7:5-11:15
16        <intent>
16-->[:capacitor-camera] AndroidManifest.xml:8:9-10:18
17            <action android:name="android.media.action.IMAGE_CAPTURE" />
17-->[:capacitor-camera] AndroidManifest.xml:9:13-73
17-->[:capacitor-camera] AndroidManifest.xml:9:21-70
18        </intent>
19        <intent>
19-->[com.android.billingclient:billing:8.0.0] AndroidManifest.xml:13:9-15:18
20            <action android:name="com.android.vending.billing.InAppBillingService.BIND" />
20-->[com.android.billingclient:billing:8.0.0] AndroidManifest.xml:14:13-91
20-->[com.android.billingclient:billing:8.0.0] AndroidManifest.xml:14:21-88
21        </intent>
22        <intent>
22-->[com.android.billingclient:billing:8.0.0] AndroidManifest.xml:16:9-18:18
23            <action android:name="com.google.android.apps.play.billingtestcompanion.BillingOverrideService.BIND" />
23-->[com.android.billingclient:billing:8.0.0] AndroidManifest.xml:17:13-116
23-->[com.android.billingclient:billing:8.0.0] AndroidManifest.xml:17:21-113
24        </intent>
25    </queries>
26
27    <uses-permission android:name="com.android.vending.BILLING" />
27-->[com.android.billingclient:billing:8.0.0] AndroidManifest.xml:10:5-67
27-->[com.android.billingclient:billing:8.0.0] AndroidManifest.xml:10:22-64
28
29    <permission
29-->[androidx.core:core:1.17.0] AndroidManifest.xml:22:5-24:47
30        android:name="com.cvr.app.DYNAMIC_RECEIVER_NOT_EXPORTED_PERMISSION"
30-->[androidx.core:core:1.17.0] AndroidManifest.xml:23:9-81
31        android:protectionLevel="signature" />
31-->[androidx.core:core:1.17.0] AndroidManifest.xml:24:9-44
32
33    <uses-permission android:name="com.cvr.app.DYNAMIC_RECEIVER_NOT_EXPORTED_PERMISSION" />
33-->[androidx.core:core:1.17.0] AndroidManifest.xml:26:5-97
33-->[androidx.core:core:1.17.0] AndroidManifest.xml:26:22-94
34
35    <application
35-->src\main\AndroidManifest.xml:21:5-55:19
36        android:allowBackup="true"
36-->src\main\AndroidManifest.xml:22:9-35
37        android:appComponentFactory="androidx.core.app.CoreComponentFactory"
37-->[androidx.core:core:1.17.0] AndroidManifest.xml:28:18-86
38        android:extractNativeLibs="false"
39        android:icon="@mipmap/ic_launcher"
39-->src\main\AndroidManifest.xml:23:9-43
40        android:label="@string/app_name"
40-->src\main\AndroidManifest.xml:24:9-41
41        android:roundIcon="@mipmap/ic_launcher_round"
41-->src\main\AndroidManifest.xml:25:9-54
42        android:supportsRtl="true"
42-->src\main\AndroidManifest.xml:26:9-35
43        android:theme="@style/AppTheme" >
43-->src\main\AndroidManifest.xml:27:9-40
44        <activity
44-->src\main\AndroidManifest.xml:30:9-43:20
45            android:name="com.cvr.app.MainActivity"
45-->src\main\AndroidManifest.xml:32:13-52
46            android:configChanges="orientation|keyboardHidden|keyboard|screenSize|locale|smallestScreenSize|screenLayout|uiMode"
46-->src\main\AndroidManifest.xml:31:13-129
47            android:exported="true"
47-->src\main\AndroidManifest.xml:36:13-36
48            android:label="@string/title_activity_main"
48-->src\main\AndroidManifest.xml:33:13-56
49            android:launchMode="singleTask"
49-->src\main\AndroidManifest.xml:35:13-44
50            android:theme="@style/AppTheme.NoActionBarLaunch" >
50-->src\main\AndroidManifest.xml:34:13-62
51            <intent-filter>
51-->src\main\AndroidManifest.xml:38:13-41:29
52                <action android:name="android.intent.action.MAIN" />
52-->src\main\AndroidManifest.xml:39:17-69
52-->src\main\AndroidManifest.xml:39:25-66
53
54                <category android:name="android.intent.category.LAUNCHER" />
54-->src\main\AndroidManifest.xml:40:17-77
54-->src\main\AndroidManifest.xml:40:27-74
55            </intent-filter>
56        </activity>
57
58        <provider
59            android:name="androidx.core.content.FileProvider"
59-->src\main\AndroidManifest.xml:46:13-62
60            android:authorities="com.cvr.app.fileprovider"
60-->src\main\AndroidManifest.xml:47:13-64
61            android:exported="false"
61-->src\main\AndroidManifest.xml:48:13-37
62            android:grantUriPermissions="true" >
62-->src\main\AndroidManifest.xml:49:13-47
63            <meta-data
63-->src\main\AndroidManifest.xml:50:13-52:54
64                android:name="android.support.FILE_PROVIDER_PATHS"
64-->src\main\AndroidManifest.xml:51:17-67
65                android:resource="@xml/file_paths" />
65-->src\main\AndroidManifest.xml:52:17-51
66        </provider>
67
68        <service
68-->[com.google.android.gms:play-services-mlkit-text-recognition-common:19.1.0] AndroidManifest.xml:9:9-15:19
69            android:name="com.google.mlkit.common.internal.MlKitComponentDiscoveryService"
69-->[com.google.android.gms:play-services-mlkit-text-recognition-common:19.1.0] AndroidManifest.xml:10:13-91
70            android:directBootAware="true"
70-->[com.google.mlkit:common:18.11.0] AndroidManifest.xml:17:13-43
71            android:exported="false" >
71-->[com.google.android.gms:play-services-mlkit-text-recognition-common:19.1.0] AndroidManifest.xml:11:13-37
72            <meta-data
72-->[com.google.android.gms:play-services-mlkit-text-recognition-common:19.1.0] AndroidManifest.xml:12:13-14:85
73                android:name="com.google.firebase.components:com.google.mlkit.vision.text.internal.TextRegistrar"
73-->[com.google.android.gms:play-services-mlkit-text-recognition-common:19.1.0] AndroidManifest.xml:13:17-114
74                android:value="com.google.firebase.components.ComponentRegistrar" />
74-->[com.google.android.gms:play-services-mlkit-text-recognition-common:19.1.0] AndroidManifest.xml:14:17-82
75            <meta-data
75-->[com.google.mlkit:vision-common:17.3.0] AndroidManifest.xml:12:13-14:85
76                android:name="com.google.firebase.components:com.google.mlkit.vision.common.internal.VisionCommonRegistrar"
76-->[com.google.mlkit:vision-common:17.3.0] AndroidManifest.xml:13:17-124
77                android:value="com.google.firebase.components.ComponentRegistrar" />
77-->[com.google.mlkit:vision-common:17.3.0] AndroidManifest.xml:14:17-82
78            <meta-data
78-->[com.google.mlkit:common:18.11.0] AndroidManifest.xml:20:13-22:85
79                android:name="com.google.firebase.components:com.google.mlkit.common.internal.CommonComponentRegistrar"
79-->[com.google.mlkit:common:18.11.0] AndroidManifest.xml:21:17-120
80                android:value="com.google.firebase.components.ComponentRegistrar" />
80-->[com.google.mlkit:common:18.11.0] AndroidManifest.xml:22:17-82
81        </service>
82
83        <provider
83-->[com.google.mlkit:common:18.11.0] AndroidManifest.xml:9:9-13:38
84            android:name="com.google.mlkit.common.internal.MlKitInitProvider"
84-->[com.google.mlkit:common:18.11.0] AndroidManifest.xml:10:13-78
85            android:authorities="com.cvr.app.mlkitinitprovider"
85-->[com.google.mlkit:common:18.11.0] AndroidManifest.xml:11:13-69
86            android:exported="false"
86-->[com.google.mlkit:common:18.11.0] AndroidManifest.xml:12:13-37
87            android:initOrder="99" />
87-->[com.google.mlkit:common:18.11.0] AndroidManifest.xml:13:13-35
88
89        <receiver
89-->[com.revenuecat.purchases:purchases-store-amazon:9.20.0] AndroidManifest.xml:8:9-15:20
90            android:name="com.amazon.device.iap.ResponseReceiver"
90-->[com.revenuecat.purchases:purchases-store-amazon:9.20.0] AndroidManifest.xml:9:13-66
91            android:exported="true"
91-->[com.revenuecat.purchases:purchases-store-amazon:9.20.0] AndroidManifest.xml:10:13-36
92            android:permission="com.amazon.inapp.purchasing.Permission.NOTIFY" >
92-->[com.revenuecat.purchases:purchases-store-amazon:9.20.0] AndroidManifest.xml:11:13-79
93            <intent-filter>
93-->[com.revenuecat.purchases:purchases-store-amazon:9.20.0] AndroidManifest.xml:12:13-14:29
94                <action android:name="com.amazon.inapp.purchasing.NOTIFY" />
94-->[com.revenuecat.purchases:purchases-store-amazon:9.20.0] AndroidManifest.xml:13:17-77
94-->[com.revenuecat.purchases:purchases-store-amazon:9.20.0] AndroidManifest.xml:13:25-74
95            </intent-filter>
96        </receiver>
97
98        <activity
98-->[com.revenuecat.purchases:purchases:9.20.0] AndroidManifest.xml:10:9-13:75
99            android:name="com.revenuecat.purchases.amazon.purchasing.ProxyAmazonBillingActivity"
99-->[com.revenuecat.purchases:purchases:9.20.0] AndroidManifest.xml:11:13-97
100            android:configChanges="keyboard|keyboardHidden|screenLayout|screenSize|orientation"
100-->[com.revenuecat.purchases:purchases:9.20.0] AndroidManifest.xml:12:13-96
101            android:theme="@android:style/Theme.Translucent.NoTitleBar" />
101-->[com.revenuecat.purchases:purchases:9.20.0] AndroidManifest.xml:13:13-72
102        <activity
102-->[com.revenuecat.purchases:purchases:9.20.0] AndroidManifest.xml:14:9-18:74
103            android:name="com.revenuecat.purchases.SimulatedStoreErrorDialogActivity"
103-->[com.revenuecat.purchases:purchases:9.20.0] AndroidManifest.xml:15:13-86
104            android:configChanges="orientation|screenSize"
104-->[com.revenuecat.purchases:purchases:9.20.0] AndroidManifest.xml:16:13-59
105            android:excludeFromRecents="true"
105-->[com.revenuecat.purchases:purchases:9.20.0] AndroidManifest.xml:17:13-46
106            android:theme="@android:style/Theme.Material.Dialog.Alert" />
106-->[com.revenuecat.purchases:purchases:9.20.0] AndroidManifest.xml:18:13-71
107
108        <meta-data
108-->[com.android.billingclient:billing:8.0.0] AndroidManifest.xml:22:9-24:37
109            android:name="com.google.android.play.billingclient.version"
109-->[com.android.billingclient:billing:8.0.0] AndroidManifest.xml:23:13-73
110            android:value="8.0.0" />
110-->[com.android.billingclient:billing:8.0.0] AndroidManifest.xml:24:13-34
111
112        <activity
112-->[com.android.billingclient:billing:8.0.0] AndroidManifest.xml:26:9-30:75
113            android:name="com.android.billingclient.api.ProxyBillingActivity"
113-->[com.android.billingclient:billing:8.0.0] AndroidManifest.xml:27:13-78
114            android:configChanges="keyboard|keyboardHidden|screenLayout|screenSize|orientation"
114-->[com.android.billingclient:billing:8.0.0] AndroidManifest.xml:28:13-96
115            android:exported="false"
115-->[com.android.billingclient:billing:8.0.0] AndroidManifest.xml:29:13-37
116            android:theme="@android:style/Theme.Translucent.NoTitleBar" />
116-->[com.android.billingclient:billing:8.0.0] AndroidManifest.xml:30:13-72
117        <activity
117-->[com.android.billingclient:billing:8.0.0] AndroidManifest.xml:31:9-35:75
118            android:name="com.android.billingclient.api.ProxyBillingActivityV2"
118-->[com.android.billingclient:billing:8.0.0] AndroidManifest.xml:32:13-80
119            android:configChanges="keyboard|keyboardHidden|screenLayout|screenSize|orientation"
119-->[com.android.billingclient:billing:8.0.0] AndroidManifest.xml:33:13-96
120            android:exported="false"
120-->[com.android.billingclient:billing:8.0.0] AndroidManifest.xml:34:13-37
121            android:theme="@android:style/Theme.Translucent.NoTitleBar" />
121-->[com.android.billingclient:billing:8.0.0] AndroidManifest.xml:35:13-72
122        <activity
122-->[com.google.android.gms:play-services-base:18.5.0] AndroidManifest.xml:5:9-173
123            android:name="com.google.android.gms.common.api.GoogleApiActivity"
123-->[com.google.android.gms:play-services-base:18.5.0] AndroidManifest.xml:5:19-85
124            android:exported="false"
124-->[com.google.android.gms:play-services-base:18.5.0] AndroidManifest.xml:5:146-170
125            android:theme="@android:style/Theme.Translucent.NoTitleBar" />
125-->[com.google.android.gms:play-services-base:18.5.0] AndroidManifest.xml:5:86-145
126
127        <meta-data
127-->[com.google.android.gms:play-services-basement:18.4.0] AndroidManifest.xml:6:9-122
128            android:name="com.google.android.gms.version"
128-->[com.google.android.gms:play-services-basement:18.4.0] AndroidManifest.xml:6:20-65
129            android:value="@integer/google_play_services_version" />
129-->[com.google.android.gms:play-services-basement:18.4.0] AndroidManifest.xml:6:66-119
130
131        <provider
131-->[androidx.emoji2:emoji2:1.3.0] AndroidManifest.xml:24:9-32:20
132            android:name="androidx.startup.InitializationProvider"
132-->[androidx.emoji2:emoji2:1.3.0] AndroidManifest.xml:25:13-67
133            android:authorities="com.cvr.app.androidx-startup"
133-->[androidx.emoji2:emoji2:1.3.0] AndroidManifest.xml:26:13-68
134            android:exported="false" >
134-->[androidx.emoji2:emoji2:1.3.0] AndroidManifest.xml:27:13-37
135            <meta-data
135-->[androidx.emoji2:emoji2:1.3.0] AndroidManifest.xml:29:13-31:52
136                android:name="androidx.emoji2.text.EmojiCompatInitializer"
136-->[androidx.emoji2:emoji2:1.3.0] AndroidManifest.xml:30:17-75
137                android:value="androidx.startup" />
137-->[androidx.emoji2:emoji2:1.3.0] AndroidManifest.xml:31:17-49
138            <meta-data
138-->[androidx.lifecycle:lifecycle-process:2.6.2] AndroidManifest.xml:29:13-31:52
139                android:name="androidx.lifecycle.ProcessLifecycleInitializer"
139-->[androidx.lifecycle:lifecycle-process:2.6.2] AndroidManifest.xml:30:17-78
140                android:value="androidx.startup" />
140-->[androidx.lifecycle:lifecycle-process:2.6.2] AndroidManifest.xml:31:17-49
141            <meta-data
141-->[androidx.profileinstaller:profileinstaller:1.4.0] AndroidManifest.xml:29:13-31:52
142                android:name="androidx.profileinstaller.ProfileInstallerInitializer"
142-->[androidx.profileinstaller:profileinstaller:1.4.0] AndroidManifest.xml:30:17-85
143                android:value="androidx.startup" />
143-->[androidx.profileinstaller:profileinstaller:1.4.0] AndroidManifest.xml:31:17-49
144        </provider>
145
146        <receiver
146-->[androidx.profileinstaller:profileinstaller:1.4.0] AndroidManifest.xml:34:9-52:20
147            android:name="androidx.profileinstaller.ProfileInstallReceiver"
147-->[androidx.profileinstaller:profileinstaller:1.4.0] AndroidManifest.xml:35:13-76
148            android:directBootAware="false"
148-->[androidx.profileinstaller:profileinstaller:1.4.0] AndroidManifest.xml:36:13-44
149            android:enabled="true"
149-->[androidx.profileinstaller:profileinstaller:1.4.0] AndroidManifest.xml:37:13-35
150            android:exported="true"
150-->[androidx.profileinstaller:profileinstaller:1.4.0] AndroidManifest.xml:38:13-36
151            android:permission="android.permission.DUMP" >
151-->[androidx.profileinstaller:profileinstaller:1.4.0] AndroidManifest.xml:39:13-57
152            <intent-filter>
152-->[androidx.profileinstaller:profileinstaller:1.4.0] AndroidManifest.xml:40:13-42:29
153                <action android:name="androidx.profileinstaller.action.INSTALL_PROFILE" />
153-->[androidx.profileinstaller:profileinstaller:1.4.0] AndroidManifest.xml:41:17-91
153-->[androidx.profileinstaller:profileinstaller:1.4.0] AndroidManifest.xml:41:25-88
154            </intent-filter>
155            <intent-filter>
155-->[androidx.profileinstaller:profileinstaller:1.4.0] AndroidManifest.xml:43:13-45:29
156                <action android:name="androidx.profileinstaller.action.SKIP_FILE" />
156-->[androidx.profileinstaller:profileinstaller:1.4.0] AndroidManifest.xml:44:17-85
156-->[androidx.profileinstaller:profileinstaller:1.4.0] AndroidManifest.xml:44:25-82
157            </intent-filter>
158            <intent-filter>
158-->[androidx.profileinstaller:profileinstaller:1.4.0] AndroidManifest.xml:46:13-48:29
159                <action android:name="androidx.profileinstaller.action.SAVE_PROFILE" />
159-->[androidx.profileinstaller:profileinstaller:1.4.0] AndroidManifest.xml:47:17-88
159-->[androidx.profileinstaller:profileinstaller:1.4.0] AndroidManifest.xml:47:25-85
160            </intent-filter>
161            <intent-filter>
161-->[androidx.profileinstaller:profileinstaller:1.4.0] AndroidManifest.xml:49:13-51:29
162                <action android:name="androidx.profileinstaller.action.BENCHMARK_OPERATION" />
162-->[androidx.profileinstaller:profileinstaller:1.4.0] AndroidManifest.xml:50:17-95
162-->[androidx.profileinstaller:profileinstaller:1.4.0] AndroidManifest.xml:50:25-92
163            </intent-filter>
164        </receiver>
165
166        <service
166-->[com.google.android.datatransport:transport-backend-cct:3.1.8] AndroidManifest.xml:28:9-34:19
167            android:name="com.google.android.datatransport.runtime.backends.TransportBackendDiscovery"
167-->[com.google.android.datatransport:transport-backend-cct:3.1.8] AndroidManifest.xml:29:13-103
168            android:exported="false" >
168-->[com.google.android.datatransport:transport-backend-cct:3.1.8] AndroidManifest.xml:30:13-37
169            <meta-data
169-->[com.google.android.datatransport:transport-backend-cct:3.1.8] AndroidManifest.xml:31:13-33:39
170                android:name="backend:com.google.android.datatransport.cct.CctBackendFactory"
170-->[com.google.android.datatransport:transport-backend-cct:3.1.8] AndroidManifest.xml:32:17-94
171                android:value="cct" />
171-->[com.google.android.datatransport:transport-backend-cct:3.1.8] AndroidManifest.xml:33:17-36
172        </service>
173        <service
173-->[com.google.android.datatransport:transport-runtime:3.1.8] AndroidManifest.xml:26:9-30:19
174            android:name="com.google.android.datatransport.runtime.scheduling.jobscheduling.JobInfoSchedulerService"
174-->[com.google.android.datatransport:transport-runtime:3.1.8] AndroidManifest.xml:27:13-117
175            android:exported="false"
175-->[com.google.android.datatransport:transport-runtime:3.1.8] AndroidManifest.xml:28:13-37
176            android:permission="android.permission.BIND_JOB_SERVICE" >
176-->[com.google.android.datatransport:transport-runtime:3.1.8] AndroidManifest.xml:29:13-69
177        </service>
178
179        <receiver
179-->[com.google.android.datatransport:transport-runtime:3.1.8] AndroidManifest.xml:32:9-34:40
180            android:name="com.google.android.datatransport.runtime.scheduling.jobscheduling.AlarmManagerSchedulerBroadcastReceiver"
180-->[com.google.android.datatransport:transport-runtime:3.1.8] AndroidManifest.xml:33:13-132
181            android:exported="false" />
181-->[com.google.android.datatransport:transport-runtime:3.1.8] AndroidManifest.xml:34:13-37
182    </application>
183
184</manifest>